<?xml version="1.0" encoding="UTF-8"?>
<!-- Generated by org.testng.reporters.JUnitReportReporter -->
<testsuite skipped="0" hostname="LAPTOP-EFL0NV1G" name="com.sgtesting.testngexamples.TestNGDemo3" tests="8" failures="0" timestamp="2021-09-17T14:37:29 IST" time="34.076" errors="0">
  <testcase name="launchBrowser" time="4.819" classname="com.sgtesting.testngexamples.TestNGDemo3"/>
  <system-out/>
  <testcase name="navigate" time="6.345" classname="com.sgtesting.testngexamples.TestNGDemo3"/>
  <system-out/>
  <testcase name="login" time="4.442" classname="com.sgtesting.testngexamples.TestNGDemo3"/>
  <system-out/>
  <testcase name="minimizeFlyoutWindow" time="2.137" classname="com.sgtesting.testngexamples.TestNGDemo3"/>
  <system-out/>
  <testcase name="createCustomer" time="6.213" classname="com.sgtesting.testngexamples.TestNGDemo3"/>
  <system-out/>
  <testcase name="deleteCustomerser" time="7.013" classname="com.sgtesting.testngexamples.TestNGDemo3"/>
  <system-out/>
  <testcase name="logout" time="2.725" classname="com.sgtesting.testngexamples.TestNGDemo3"/>
  <system-out/>
  <testcase name="close" time="0.382" classname="com.sgtesting.testngexamples.TestNGDemo3"/>
  <system-out/>
</testsuite> <!-- com.sgtesting.testngexamples.TestNGDemo3 -->
