<?xml version="1.0" encoding="UTF-8"?>
<!-- Generated by org.testng.reporters.JUnitReportReporter -->
<testsuite skipped="0" hostname="LAPTOP-EFL0NV1G" name="com.sgtesting.testngexamples.Assignment7" tests="6" failures="0" timestamp="2021-09-16T23:34:05 IST" time="36.751" errors="0">
  <testcase name="launchBrowser" time="4.856" classname="com.sgtesting.testngexamples.Assignment7"/>
  <system-out/>
  <testcase name="navigate" time="5.554" classname="com.sgtesting.testngexamples.Assignment7"/>
  <system-out/>
  <testcase name="login" time="8.802" classname="com.sgtesting.testngexamples.Assignment7"/>
  <system-out/>
  <testcase name="login" time="8.686" classname="com.sgtesting.testngexamples.Assignment7"/>
  <system-out/>
  <testcase name="login" time="8.735" classname="com.sgtesting.testngexamples.Assignment7"/>
  <system-out/>
  <testcase name="closeApplication" time="0.118" classname="com.sgtesting.testngexamples.Assignment7"/>
  <system-out/>
</testsuite> <!-- com.sgtesting.testngexamples.Assignment7 -->
