<?xml version="1.0" encoding="UTF-8"?>
<!-- Generated by org.testng.reporters.JUnitReportReporter -->
<testsuite skipped="0" hostname="LAPTOP-EFL0NV1G" name="com.sgtesting.testngexamples.TestNGDemo1" tests="6" failures="0" timestamp="2021-09-17T14:37:29 IST" time="38.127" errors="0">
  <testcase name="launchBrowser" time="5.189" classname="com.sgtesting.testngexamples.TestNGDemo1"/>
  <system-out/>
  <testcase name="navigate" time="6.356" classname="com.sgtesting.testngexamples.TestNGDemo1"/>
  <system-out/>
  <testcase name="login" time="8.850" classname="com.sgtesting.testngexamples.TestNGDemo1"/>
  <system-out/>
  <testcase name="login" time="8.659" classname="com.sgtesting.testngexamples.TestNGDemo1"/>
  <system-out/>
  <testcase name="login" time="8.702" classname="com.sgtesting.testngexamples.TestNGDemo1"/>
  <system-out/>
  <testcase name="closeApplication" time="0.371" classname="com.sgtesting.testngexamples.TestNGDemo1"/>
  <system-out/>
</testsuite> <!-- com.sgtesting.testngexamples.TestNGDemo1 -->
