<?xml version="1.0" encoding="UTF-8"?>
<!-- Generated by org.testng.reporters.JUnitReportReporter -->
<testsuite skipped="0" hostname="LAPTOP-EFL0NV1G" name="com.sgtesting.testngexamples.TestNGDemo4" tests="9" failures="0" timestamp="2021-09-17T14:37:29 IST" time="47.000" errors="0">
  <testcase name="launchBrowser" time="4.259" classname="com.sgtesting.testngexamples.TestNGDemo4"/>
  <system-out/>
  <testcase name="navigate" time="6.361" classname="com.sgtesting.testngexamples.TestNGDemo4"/>
  <system-out/>
  <testcase name="login" time="4.484" classname="com.sgtesting.testngexamples.TestNGDemo4"/>
  <system-out/>
  <testcase name="minimizeFlyoutWindow" time="2.166" classname="com.sgtesting.testngexamples.TestNGDemo4"/>
  <system-out/>
  <testcase name="createCustomer" time="6.101" classname="com.sgtesting.testngexamples.TestNGDemo4"/>
  <system-out/>
  <testcase name="modifyCustomer" time="13.467" classname="com.sgtesting.testngexamples.TestNGDemo4"/>
  <system-out/>
  <testcase name="deleteCustomerser" time="6.912" classname="com.sgtesting.testngexamples.TestNGDemo4"/>
  <system-out/>
  <testcase name="logout" time="2.864" classname="com.sgtesting.testngexamples.TestNGDemo4"/>
  <system-out/>
  <testcase name="close" time="0.386" classname="com.sgtesting.testngexamples.TestNGDemo4"/>
  <system-out/>
</testsuite> <!-- com.sgtesting.testngexamples.TestNGDemo4 -->
