<?xml version="1.0" encoding="UTF-8"?>
<!-- Generated by org.testng.reporters.JUnitReportReporter -->
<testsuite skipped="0" hostname="LAPTOP-EFL0NV1G" name="com.sgtesting.testngexamples.TestNGDemo7" tests="12" failures="0" timestamp="2021-09-17T14:37:29 IST" time="61.485" errors="0">
  <testcase name="launchBrowser" time="21.324" classname="com.sgtesting.testngexamples.TestNGDemo7"/>
  <system-out/>
  <testcase name="navigate" time="17.510" classname="com.sgtesting.testngexamples.TestNGDemo7"/>
  <system-out/>
  <testcase name="login" time="4.508" classname="com.sgtesting.testngexamples.TestNGDemo7"/>
  <system-out/>
  <testcase name="minimizeFlyoutWindow" time="2.790" classname="com.sgtesting.testngexamples.TestNGDemo7"/>
  <system-out/>
  <testcase name="createCustomer" time="1.182" classname="com.sgtesting.testngexamples.TestNGDemo7"/>
  <system-out/>
  <testcase name="createProject" time="0.055" classname="com.sgtesting.testngexamples.TestNGDemo7"/>
  <system-out/>
  <testcase name="createTask" time="0.046" classname="com.sgtesting.testngexamples.TestNGDemo7"/>
  <system-out/>
  <testcase name="deleteTask" time="0.045" classname="com.sgtesting.testngexamples.TestNGDemo7"/>
  <system-out/>
  <testcase name="deleteProject" time="0.088" classname="com.sgtesting.testngexamples.TestNGDemo7"/>
  <system-out/>
  <testcase name="deleteCustomerser" time="0.048" classname="com.sgtesting.testngexamples.TestNGDemo7"/>
  <system-out/>
  <testcase name="logout" time="1.183" classname="com.sgtesting.testngexamples.TestNGDemo7"/>
  <system-out/>
  <testcase name="close" time="12.706" classname="com.sgtesting.testngexamples.TestNGDemo7"/>
  <system-out/>
</testsuite> <!-- com.sgtesting.testngexamples.TestNGDemo7 -->
