<?xml version="1.0" encoding="UTF-8"?>
<!-- Generated by org.testng.reporters.JUnitReportReporter -->
<testsuite skipped="0" hostname="LAPTOP-EFL0NV1G" name="com.sgtesting.testngexamples.TestNGDemo5" tests="10" failures="0" timestamp="2021-09-17T14:37:29 IST" time="55.968" errors="0">
  <testcase name="launchBrowser" time="4.823" classname="com.sgtesting.testngexamples.TestNGDemo5"/>
  <system-out/>
  <testcase name="navigate" time="6.403" classname="com.sgtesting.testngexamples.TestNGDemo5"/>
  <system-out/>
  <testcase name="login" time="4.492" classname="com.sgtesting.testngexamples.TestNGDemo5"/>
  <system-out/>
  <testcase name="minimizeFlyoutWindow" time="2.156" classname="com.sgtesting.testngexamples.TestNGDemo5"/>
  <system-out/>
  <testcase name="createCustomer" time="5.727" classname="com.sgtesting.testngexamples.TestNGDemo5"/>
  <system-out/>
  <testcase name="createProject" time="13.345" classname="com.sgtesting.testngexamples.TestNGDemo5"/>
  <system-out/>
  <testcase name="deleteProject" time="9.169" classname="com.sgtesting.testngexamples.TestNGDemo5"/>
  <system-out/>
  <testcase name="deleteCustomerser" time="6.791" classname="com.sgtesting.testngexamples.TestNGDemo5"/>
  <system-out/>
  <testcase name="logout" time="2.860" classname="com.sgtesting.testngexamples.TestNGDemo5"/>
  <system-out/>
  <testcase name="close" time="0.202" classname="com.sgtesting.testngexamples.TestNGDemo5"/>
  <system-out/>
</testsuite> <!-- com.sgtesting.testngexamples.TestNGDemo5 -->
