<?xml version="1.0" encoding="UTF-8"?>
<!-- Generated by org.testng.reporters.JUnitReportReporter -->
<testsuite skipped="0" hostname="LAPTOP-EFL0NV1G" name="com.sgtesting.testngexamples.TestNGDemo6" tests="11" failures="0" timestamp="2021-09-17T14:37:29 IST" time="18159.154" errors="0">
  <testcase name="launchBrowser" time="5.046" classname="com.sgtesting.testngexamples.TestNGDemo6"/>
  <system-out/>
  <testcase name="navigate" time="6.179" classname="com.sgtesting.testngexamples.TestNGDemo6"/>
  <system-out/>
  <testcase name="login" time="4.482" classname="com.sgtesting.testngexamples.TestNGDemo6"/>
  <system-out/>
  <testcase name="minimizeFlyoutWindow" time="2.151" classname="com.sgtesting.testngexamples.TestNGDemo6"/>
  <system-out/>
  <testcase name="createCustomer" time="6.061" classname="com.sgtesting.testngexamples.TestNGDemo6"/>
  <system-out/>
  <testcase name="createProject" time="7.030" classname="com.sgtesting.testngexamples.TestNGDemo6"/>
  <system-out/>
  <testcase name="modifyProject" time="0.044" classname="com.sgtesting.testngexamples.TestNGDemo6"/>
  <system-out/>
  <testcase name="deleteProject" time="0.033" classname="com.sgtesting.testngexamples.TestNGDemo6"/>
  <system-out/>
  <testcase name="deleteCustomerser" time="2.131" classname="com.sgtesting.testngexamples.TestNGDemo6"/>
  <system-out/>
  <testcase name="logout" time="18109.855" classname="com.sgtesting.testngexamples.TestNGDemo6"/>
  <system-out/>
  <testcase name="close" time="16.142" classname="com.sgtesting.testngexamples.TestNGDemo6"/>
  <system-out/>
</testsuite> <!-- com.sgtesting.testngexamples.TestNGDemo6 -->
