<?xml version="1.0" encoding="UTF-8"?>
<!-- Generated by org.testng.reporters.JUnitReportReporter -->
<testsuite skipped="0" hostname="LAPTOP-EFL0NV1G" name="com.sgtesting.testngexamples.TestNGDemo2" tests="9" failures="0" timestamp="2021-09-17T14:37:29 IST" time="41.064" errors="0">
  <testcase name="launchBrowser" time="5.487" classname="com.sgtesting.testngexamples.TestNGDemo2"/>
  <system-out/>
  <testcase name="navigate" time="6.448" classname="com.sgtesting.testngexamples.TestNGDemo2"/>
  <system-out/>
  <testcase name="login" time="4.455" classname="com.sgtesting.testngexamples.TestNGDemo2"/>
  <system-out/>
  <testcase name="minimizeFlyoutWindow" time="2.166" classname="com.sgtesting.testngexamples.TestNGDemo2"/>
  <system-out/>
  <testcase name="createUser" time="7.480" classname="com.sgtesting.testngexamples.TestNGDemo2"/>
  <system-out/>
  <testcase name="modifyUser" time="5.407" classname="com.sgtesting.testngexamples.TestNGDemo2"/>
  <system-out/>
  <testcase name="deleteUser" time="5.844" classname="com.sgtesting.testngexamples.TestNGDemo2"/>
  <system-out/>
  <testcase name="logout" time="3.460" classname="com.sgtesting.testngexamples.TestNGDemo2"/>
  <system-out/>
  <testcase name="close" time="0.317" classname="com.sgtesting.testngexamples.TestNGDemo2"/>
  <system-out/>
</testsuite> <!-- com.sgtesting.testngexamples.TestNGDemo2 -->
