<?xml version="1.0" encoding="UTF-8"?>
<!-- Generated by org.testng.reporters.JUnitReportReporter -->
<testsuite skipped="0" hostname="LAPTOP-EFL0NV1G" name="com.sgtesting.dataprovider.Assignment1" tests="6" failures="0" timestamp="2021-09-16T22:48:03 IST" time="18.861" errors="0">
  <testcase name="launchBrowser" time="5.859" classname="com.sgtesting.dataprovider.Assignment1"/>
  <system-out/>
  <testcase name="navigate" time="7.141" classname="com.sgtesting.dataprovider.Assignment1"/>
  <system-out/>
  <testcase name="login" time="0.056" classname="com.sgtesting.dataprovider.Assignment1"/>
  <system-out/>
  <testcase name="login" time="0.141" classname="com.sgtesting.dataprovider.Assignment1"/>
  <system-out/>
  <testcase name="login" time="4.495" classname="com.sgtesting.dataprovider.Assignment1"/>
  <system-out/>
  <testcase name="logout" time="1.169" classname="com.sgtesting.dataprovider.Assignment1"/>
  <system-out/>
</testsuite> <!-- com.sgtesting.dataprovider.Assignment1 -->
